Full Moment Tensor Inversion
Depth = 12.0000 (km)
Mo = 3.487e+22 (dyne-cm)
Mw = 4.33
Percent DC   =  91
Percent CLVD =   3
Percent ISO  =   6
Fault Plane 1: Strike=232 Dip=53 Rake=-10
Fault Plane 2: Strike=328 Dip=82 Rake=-143
Percent Variance Reduction = 47.96

Moment Tensor Elements: Aki and Richards Cartesian Coordinates
Mxx        Myy        Mzz        Mxy        Mxz        Myz
-2.376e+22 2.458e+22  -7.284e+21 -9.064e+21 1.326e+22  1.393e+22 

Harvard/CMT convention
Mrr        Mtt        Mpp        Mrt        Mrp        Mtp
-7.284e+21 -2.376e+22 2.458e+22  1.326e+22  -1.393e+22 9.064e+21 

Eigenvalues: 3.011e+22 -1.707e+21 -3.487e+22
Lune Coordinates: 0.69   -4.65 
Station Information
   station distance azimuth  ts  npts   dt  Z  R  T weights    VR longitude latitude
BK.QRDG.00    80.99  335.29  30   150 1.00  1  1  1    1.00 78.65  -122.140   38.480
BK.RUSS.00    81.16  353.18  30   150 1.00  1  1  1    1.00 50.88  -121.870   38.540
 BK.CVS.00    84.88  313.73  30   150 1.00  1  1  1    1.05 63.95  -122.460   38.350
BK.OAKV.00    88.89  320.02  30   150 1.00  1  1  1    1.10 44.05  -122.410   38.430
BK.MCCM.00   105.12  290.48  30   150 1.00  1  1  1    1.30 31.83  -122.880   38.140
BK.FARB.00   110.46  263.41  30   150 1.00  1  1  1    1.36 43.77  -123.000   37.700
BK.WELL.00   113.71   52.46  30   150 1.00  1  1  1    1.40  4.74  -120.720   38.440
 BK.SAO.00   120.23  166.71  30   150 1.00  1  1  1    1.48 61.55  -121.450   36.760
 BK.CMB.00   122.83   78.33  30   150 1.00  1  1  1    1.52 85.35  -120.390   38.030
BK.MNRC.00   132.06  333.21  30   150 1.00  1  1  1    1.63 59.46  -122.440   38.880
 BK.SCZ.00   139.07  166.84  30   150 1.00  1  1  1    1.72 -2.70  -121.400   36.600
BK.BUCR.00   142.56   96.01  30   150 1.00  1  1  1    1.76 35.03  -120.150   37.670
