Full Moment Tensor Inversion
Depth = 20.0000 (km)
Mo = 3.848e+22 (dyne-cm)
Mw = 4.36
Percent DC   =  97
Percent CLVD =   2
Percent ISO  =   1
Fault Plane 1: Strike=234 Dip=62 Rake=-8 
Fault Plane 2: Strike=328 Dip=83 Rake=-152
Percent Variance Reduction = 46.16

Moment Tensor Elements: Aki and Richards Cartesian Coordinates
Mxx        Myy        Mzz        Mxy        Mxz        Myz
-2.826e+22 3.325e+22  -3.430e+21 -1.260e+22 1.265e+22  1.239e+22 

Harvard/CMT convention
Mrr        Mtt        Mpp        Mrt        Mrp        Mtp
-3.430e+21 -2.826e+22 3.325e+22  1.265e+22  -1.239e+22 1.260e+22 

Eigenvalues: 3.818e+22 8.176e+20 -3.744e+22
Lune Coordinates: 0.39   0.96  
Station Information
   station distance azimuth  ts  npts   dt  Z  R  T weights     VR longitude latitude
BK.QRDG.00    80.99  335.29  30   150 1.00  1  1  1    1.00  75.97  -122.140   38.480
BK.RUSS.00    81.16  353.18  30   150 1.00  1  1  1    1.00  44.06  -121.870   38.540
 BK.CVS.00    84.88  313.73  30   150 1.00  1  1  1    1.05  61.67  -122.460   38.350
BK.OAKV.00    88.89  320.02  30   150 1.00  1  1  1    1.10  43.95  -122.410   38.430
BK.MCCM.00   105.12  290.48  30   150 1.00  1  1  1    1.30  22.06  -122.880   38.140
BK.FARB.00   110.46  263.41  30   150 1.00  1  1  1    1.36  39.12  -123.000   37.700
BK.WELL.00   113.71   52.46  30   150 1.00  1  1  1    1.40   7.71  -120.720   38.440
 BK.SAO.00   120.23  166.71  30   150 1.00  1  1  1    1.48  65.66  -121.450   36.760
 BK.CMB.00   122.83   78.33  30   150 1.00  1  1  1    1.52  85.34  -120.390   38.030
BK.MNRC.00   132.06  333.21  30   150 1.00  1  1  1    1.63  55.61  -122.440   38.880
 BK.SCZ.00   139.07  166.84  30   150 1.00  1  1  1    1.72 -14.96  -121.400   36.600
BK.BUCR.00   142.56   96.01  30   150 1.00  1  1  1    1.76  30.28  -120.150   37.670
